[debug] [2026-02-02T13:34:46.870Z] ----------------------------------------------------------------------
[debug] [2026-02-02T13:34:46.876Z] Command:       C:\Program Files\nodejs\node.exe C:\Users\prate\AppData\Roaming\npm\node_modules\firebase-tools\lib\bin\firebase.js init
[debug] [2026-02-02T13:34:46.877Z] CLI Version:   15.5.1
[debug] [2026-02-02T13:34:46.877Z] Platform:      win32
[debug] [2026-02-02T13:34:46.877Z] Node Version:  v22.19.0
[debug] [2026-02-02T13:34:46.878Z] Time:          Mon Feb 02 2026 19:04:46 GMT+0530 (India Standard Time)
[debug] [2026-02-02T13:34:46.878Z] ----------------------------------------------------------------------
[debug] 
[info] 
     ######## #### ########  ######## ########     ###     ######  ########
     ##        ##  ##     ## ##       ##     ##  ##   ##  ##       ##
     ######    ##  ########  ######   ########  #########  ######  ######
     ##        ##  ##    ##  ##       ##     ## ##     ##       ## ##
     ##       #### ##     ## ######## ########  ##     ##  ######  ########

You're about to initialize a Firebase project in this directory:

  C:\Users\prate\OneDrive\Documents\NewSonMedicalStore

Before we get started, keep in mind:

  * You are initializing within an existing Firebase project directory

[info] 
=== Project Setup
[info] 
[info] First, let's associate this project directory with a Firebase project.
[info] You can create multiple project aliases by running firebase use --add, 
[info] 
[debug] [2026-02-02T13:34:57.294Z] > command requires scopes: ["email","openid","https://www.googleapis.com/auth/cloudplatformprojects.readonly","https://www.googleapis.com/auth/firebase","https://www.googleapis.com/auth/cloud-platform"]
[debug] [2026-02-02T13:34:57.294Z] > authorizing via signed-in user (prateekg883@gmail.com)
[debug] [2026-02-02T13:34:57.296Z] Checked if tokens are valid: true, expires at: 1770042351282
[debug] [2026-02-02T13:34:57.296Z] Checked if tokens are valid: true, expires at: 1770042351282
[debug] [2026-02-02T13:34:57.299Z] >>> [apiv2][query] GET https://firebase.googleapis.com/v1beta1/projects/newsonmedicalstore [none]
[debug] [2026-02-02T13:34:58.173Z] <<< [apiv2][status] GET https://firebase.googleapis.com/v1beta1/projects/newsonmedicalstore 200
[debug] [2026-02-02T13:34:58.173Z] <<< [apiv2][body] GET https://firebase.googleapis.com/v1beta1/projects/newsonmedicalstore {"projectId":"newsonmedicalstore","projectNumber":"802789792628","displayName":"newsonmedicalstore","name":"projects/newsonmedicalstore","resources":{"hostingSite":"newsonmedicalstore"},"state":"ACTIVE","etag":"1_f3125015-2054-4711-a968-cf53332c7ff6"}
[info] i  Using project newsonmedicalstore (newsonmedicalstore) . 
[info] 
=== Hosting Setup
[debug] [2026-02-02T13:34:58.225Z] Checked if tokens are valid: true, expires at: 1770042351282
[debug] [2026-02-02T13:34:58.225Z] Checked if tokens are valid: true, expires at: 1770042351282
[debug] [2026-02-02T13:34:58.225Z] >>> [apiv2][query] GET https://firebase.googleapis.com/v1beta1/projects/newsonmedicalstore [none]
[debug] [2026-02-02T13:34:58.664Z] <<< [apiv2][status] GET https://firebase.googleapis.com/v1beta1/projects/newsonmedicalstore 200
[debug] [2026-02-02T13:34:58.664Z] <<< [apiv2][body] GET https://firebase.googleapis.com/v1beta1/projects/newsonmedicalstore {"projectId":"newsonmedicalstore","projectNumber":"802789792628","displayName":"newsonmedicalstore","name":"projects/newsonmedicalstore","resources":{"hostingSite":"newsonmedicalstore"},"state":"ACTIVE","etag":"1_f3125015-2054-4711-a968-cf53332c7ff6"}
[info] 
[info] Your public directory is the folder (relative to your project directory) that
[info] will contain Hosting assets to be uploaded with firebase deploy. If you
[info] have a build process for your assets, use your build's output directory.
[info] 
[info] 
[info] i  Detected a .git folder at C:\Users\prate\OneDrive\Documents\NewSonMedicalStore 
[info] i  Authorizing with GitHub to upload your service account to a GitHub repository's secrets store. 
[info] 
[info] Visit this URL on this device to log in:
[info] https://github.com/login/oauth/authorize?client_id=89cf50f02ac6aaed3484&state=989949267&redirect_uri=http%3A%2F%2Flocalhost%3A9005&scope=read%3Auser%20repo%20public_repo
[info] 
[info] Waiting for authentication...
[debug] [2026-02-02T13:36:13.076Z] >>> [apiv2][query] POST https://github.com/login/oauth/access_token [none]
[debug] [2026-02-02T13:36:13.076Z] >>> [apiv2][body] POST https://github.com/login/oauth/access_token [stream]
[debug] [2026-02-02T13:36:14.655Z] <<< [apiv2][status] POST https://github.com/login/oauth/access_token 200
[debug] [2026-02-02T13:36:14.655Z] <<< [apiv2][body] POST https://github.com/login/oauth/access_token {"access_token":"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","token_type":"bearer","scope":"read:user,repo"}
[debug] [2026-02-02T13:36:14.673Z] >>> [apiv2][query] GET https://api.github.com/user [none]
[debug] [2026-02-02T13:36:15.468Z] <<< [apiv2][status] GET https://api.github.com/user 200
[debug] [2026-02-02T13:36:15.469Z] <<< [apiv2][body] GET https://api.github.com/user {"login":"itzprateek28-hub","id":236590336,"node_id":"U_kgDODhoVAA","avatar_url":"https://avatars.githubusercontent.com/u/236590336?v=4","gravatar_id":"","url":"https://api.github.com/users/itzprateek28-hub","html_url":"https://github.com/itzprateek28-hub","followers_url":"https://api.github.com/users/itzprateek28-hub/followers","following_url":"https://api.github.com/users/itzprateek28-hub/following{/other_user}","gists_url":"https://api.github.com/users/itzprateek28-hub/gists{/gist_id}","starred_url":"https://api.github.com/users/itzprateek28-hub/starred{/owner}{/repo}","subscriptions_url":"https://api.github.com/users/itzprateek28-hub/subscriptions","organizations_url":"https://api.github.com/users/itzprateek28-hub/orgs","repos_url":"https://api.github.com/users/itzprateek28-hub/repos","events_url":"https://api.github.com/users/itzprateek28-hub/events{/privacy}","received_events_url":"https://api.github.com/users/itzprateek28-hub/received_events","type":"User","user_view_type":"private","site_admin":false,"name":null,"company":null,"blog":"","location":null,"email":null,"hireable":null,"bio":null,"twitter_username":null,"notification_email":null,"public_repos":1,"public_gists":0,"followers":0,"following":0,"created_at":"2025-10-07T12:00:02Z","updated_at":"2025-11-23T12:36:27Z","private_gists":0,"total_private_repos":2,"owned_private_repos":2,"disk_usage":6503,"collaborators":0,"two_factor_authentication":false,"plan":{"name":"free","space":976562499,"collaborators":0,"private_repos":10000}}
[info] 
[info] +  Success! Logged into GitHub as itzprateek28-hub 
[info] 
[debug] [2026-02-02T13:37:08.929Z] >>> [apiv2][query] GET https://api.github.com/repos//actions/secrets/public-key type=owner
[debug] [2026-02-02T13:37:09.428Z] <<< [apiv2][status] GET https://api.github.com/repos//actions/secrets/public-key 404
[debug] [2026-02-02T13:37:09.428Z] <<< [apiv2][body] GET https://api.github.com/repos//actions/secrets/public-key {"message":"Not Found","documentation_url":"https://docs.github.com/rest","status":"404"}
[info] 
[info] 
[error] !  The provided authorization cannot be used with this repository. If this repository is in an organization, did you remember to grant access? 
[info] 
[info] i  Action required: Visit this URL to ensure access has been granted to the appropriate organization(s) for the Firebase CLI GitHub OAuth App: 
[info] https://github.com/settings/connections/applications/89cf50f02ac6aaed3484
[info] 
[debug] [2026-02-02T13:37:28.927Z] >>> [apiv2][query] GET https://api.github.com/repos/repository/actions/secrets/public-key type=owner
[debug] [2026-02-02T13:37:29.503Z] <<< [apiv2][status] GET https://api.github.com/repos/repository/actions/secrets/public-key 404
[debug] [2026-02-02T13:37:29.504Z] <<< [apiv2][body] GET https://api.github.com/repos/repository/actions/secrets/public-key {"message":"Not Found","documentation_url":"https://docs.github.com/rest","status":"404"}
[info] 
[info] 
[error] !  The provided authorization cannot be used with this repository. If this repository is in an organization, did you remember to grant access? 
[info] 
[info] i  Action required: Visit this URL to ensure access has been granted to the appropriate organization(s) for the Firebase CLI GitHub OAuth App: 
[info] https://github.com/settings/connections/applications/89cf50f02ac6aaed3484
[info] 
